-------------------------------------------------------------------------------
Test set: org.backendapplication.BackendApplicationTests
-------------------------------------------------------------------------------
Tests run: 1, Failures: 0, Errors: 1, Skipped: 0, Time elapsed: 0.271 s <<< FAILURE! - in org.backendapplication.BackendApplicationTests
org.backendapplication.BackendApplicationTests  Time elapsed: 0.27 s  <<< ERROR!
java.lang.IllegalStateException: Unable to find a @SpringBootConfiguration, you need to use @ContextConfiguration or @SpringBootTest(classes=...) with your test

